<?xml version="1.0" encoding="UTF-8"?>
<testsuite name="com.unistore.product.controller.PriceControllerTest" tests="1" skipped="0" failures="0" errors="0" timestamp="2020-04-02T18:51:59" hostname="Abhays-Macbook-Pro.local" time="0.0">
  <properties/>
  <testcase name="postProductPrice()" classname="com.unistore.product.controller.PriceControllerTest" time="0.0"/>
  <system-out><![CDATA[]]></system-out>
  <system-err><![CDATA[]]></system-err>
</testsuite>
