<?xml version="1.0" encoding="UTF-8"?>
<testsuite name="com.unistore.product.repository.PriceRepositoryTest" tests="2" skipped="0" failures="0" errors="0" timestamp="2020-04-02T18:51:59" hostname="Abhays-Macbook-Pro.local" time="0.001">
  <properties/>
  <testcase name="insert()" classname="com.unistore.product.repository.PriceRepositoryTest" time="0.0"/>
  <testcase name="fetch()" classname="com.unistore.product.repository.PriceRepositoryTest" time="0.0"/>
  <system-out><![CDATA[]]></system-out>
  <system-err><![CDATA[]]></system-err>
</testsuite>
