<?xml version="1.0" encoding="UTF-8"?>
<testsuite name="com.unistore.product.service.PriceServiceTest" tests="2" skipped="0" failures="0" errors="0" timestamp="2020-04-02T18:52:19" hostname="Abhays-Macbook-Pro.local" time="0.001">
  <properties/>
  <testcase name="getProductPrice()" classname="com.unistore.product.service.PriceServiceTest" time="0.001"/>
  <testcase name="createProductPrice()" classname="com.unistore.product.service.PriceServiceTest" time="0.0"/>
  <system-out><![CDATA[]]></system-out>
  <system-err><![CDATA[]]></system-err>
</testsuite>
